New log file opened at Fri Apr 08 14:47:30 CDT 2016 by 1944@wifi-node-334.latech.edu
Taking next connection to: 51053
New client attempting to connect on port: 51054-51053
  Address = /138.47.143.78:51053
This client on port 51054 has uuid e3d579d0-7b4f-4c09-8bcf-b181a90e75e4 configName activator humanReadableName Activator protocolVersion 3 featureTags Vector()
Connected Clients: activator-e3d579d0-7b4f-4c09-8bcf-b181a90e75e4
Taking next connection to: 51053
New client attempting to connect on port: 51063-51053
  Address = /138.47.143.78:51053
Handshake exception on socket: 51063
sbt.impl.ipc.HandshakeException: Unable to perform handshake
	at sbt.impl.ipc.Peer.handshake(IPC.scala:46)
	at sbt.impl.ipc.MultiClientServer.<init>(IPC.scala:150)
	at sbt.server.SbtServerSocketHandler$$anon$1.run(SbtServerSocketHandler.scala:43)
Caused by: java.net.SocketException: Connection reset
	at java.net.SocketInputStream.read(SocketInputStream.java:209)
	at java.net.SocketInputStream.read(SocketInputStream.java:141)
	at java.io.BufferedInputStream.fill(BufferedInputStream.java:246)
	at java.io.BufferedInputStream.read(BufferedInputStream.java:265)
	at java.io.DataInputStream.readInt(DataInputStream.java:387)
	at sbt.impl.ipc.Peer.receive(IPC.scala:95)
	at sbt.impl.ipc.Peer.handshake(IPC.scala:49)
	... 2 more
Taking next connection to: 51053
New client attempting to connect on port: 51064-51053
  Address = /138.47.143.78:51053
This client on port 51064 has uuid 3ad83752-e855-49c2-bea2-b64a977dec5a configName play-fork-run humanReadableName Play Fork Run protocolVersion 1 featureTags Vector()
Connected Clients: activator-e3d579d0-7b4f-4c09-8bcf-b181a90e75e4, play-fork-run-3ad83752-e855-49c2-bea2-b64a977dec5a
Taking next connection to: 51053
Checking to see if clients are empty...
We have 1 non-daemon clients, continuing serving connections.
Taking next connection to: 51053
Checking to see if clients are empty...
We have 1 non-daemon clients, continuing serving connections.
Taking next connection to: 51053
Checking to see if clients are empty...
We have 1 non-daemon clients, continuing serving connections.
Taking next connection to: 51053
Checking to see if clients are empty...
We have 1 non-daemon clients, continuing serving connections.
Taking next connection to: 51053
Checking to see if clients are empty...
We have 1 non-daemon clients, continuing serving connections.
Taking next connection to: 51053
Checking to see if clients are empty...
We have 1 non-daemon clients, continuing serving connections.
Taking next connection to: 51053
Checking to see if clients are empty...
We have 1 non-daemon clients, continuing serving connections.
Taking next connection to: 51053
Checking to see if clients are empty...
We have 1 non-daemon clients, continuing serving connections.
Taking next connection to: 51053
Checking to see if clients are empty...
We have 1 non-daemon clients, continuing serving connections.
Taking next connection to: 51053
Checking to see if clients are empty...
We have 1 non-daemon clients, continuing serving connections.
Taking next connection to: 51053
