New log file opened at Tue Apr 05 12:03:36 CDT 2016 by 464@WenMenglandeMacBook-Pro.local
jvm 464@WenMenglandeMacBook-Pro.local
jvm vmName=Java HotSpot(TM) 64-Bit Server VM vmVendor=Oracle Corporation vmVersion=25.73-b02
jvm specName=Java Virtual Machine Specification specVendor=Oracle Corporation specVersion=1.8
jvm arguments: [-Xms256m, -Xmx1024m, -XX:MetaspaceSize=64m, -XX:MaxMetaspaceSize=256m]
Starting event engine
Starting sbt command engine
Waiting for sbt command engine
Command engine arguments=List()
Command engine baseDirectory=/Users/wenmenglan/csra-lab-mgnt-system
Command engine initial remaining commands List(--initialize, onFailure load-failed, boot, server-send-ready-for-request, server-handle-next-server-request)
> --initialize
> initialize
> onFailure load-failed
> boot
> reload
[Loading] Scanning directory /Users/wenmenglan/csra-lab-mgnt-system/project/project
[Loading] Found non-root projects 
[Loading] Done in /Users/wenmenglan/csra-lab-mgnt-system/project/project, returning: ()
deducing auto plugins based on known facts Set(Atom(sbt.plugins.CorePlugin)) and clauses Clauses(List(Clause(Atom(sbt.plugins.JvmPlugin),Set(Atom(sbt.plugins.IvyPlugin))), Clause(Atom(sbt.plugins.JUnitXmlReportPlugin),Set(Atom(sbt.plugins.JvmPlugin))), Clause(Atom(sbt.plugins.CorePlugin),Set(Atom(sbt.plugins.IvyPlugin))), Clause(Atom(sbt.plugins.IvyPlugin),Set(Atom(sbt.plugins.JvmPlugin))), Clause(Atom(sbt.plugins.JvmPlugin),Set(Atom(sbt.plugins.JUnitXmlReportPlugin)))))
  :: deduced result: Matched(sbt.plugins.CorePlugin,sbt.plugins.IvyPlugin,sbt.plugins.JvmPlugin,sbt.plugins.JUnitXmlReportPlugin)
sorting: ns: List(sbt.plugins.CorePlugin, sbt.plugins.IvyPlugin, sbt.plugins.JvmPlugin, sbt.plugins.JUnitXmlReportPlugin)
  :: sorting:: found: List(sbt.plugins.CorePlugin) not found List(sbt.plugins.IvyPlugin, sbt.plugins.JvmPlugin, sbt.plugins.JUnitXmlReportPlugin)
  :: sorting:: found: List(sbt.plugins.CorePlugin, sbt.plugins.IvyPlugin) not found List(sbt.plugins.JvmPlugin, sbt.plugins.JUnitXmlReportPlugin)
  :: sorting:: found: List(sbt.plugins.CorePlugin, sbt.plugins.IvyPlugin, sbt.plugins.JvmPlugin) not found List(sbt.plugins.JUnitXmlReportPlugin)
  :: sorting:: found: List(sbt.plugins.CorePlugin, sbt.plugins.IvyPlugin, sbt.plugins.JvmPlugin, sbt.plugins.JUnitXmlReportPlugin) not found List()
  :: sorted deduced result: List(sbt.plugins.CorePlugin, sbt.plugins.IvyPlugin, sbt.plugins.JvmPlugin, sbt.plugins.JUnitXmlReportPlugin)
[Loading] Done in /Users/wenmenglan/csra-lab-mgnt-system/project/project, returning: (csra-lab-mgnt-system-build-build)
Loading project definition from /Users/wenmenglan/csra-lab-mgnt-system/project/project
Running task... Cancel: sbt.TaskCancellationStrategy$Null$@45c42c7a, check cycles: false

Initial source changes: 
	removed:Set()
	added: Set()
	modified: Set()
Removed products: Set()
External API changes: API Changes: Set()
Modified binary dependencies: Set()
Initial directly invalidated sources: Set()

Sources indirectly invalidated by:
	product: Set()
	binary dep: Set()
	external source: Set()
All initially invalidated sources: Set()

Copy resource mappings: 
	
[Loading] Scanning directory /Users/wenmenglan/csra-lab-mgnt-system/project
[Loading] Found non-root projects 
[Loading] Done in /Users/wenmenglan/csra-lab-mgnt-system/project, returning: ()
deducing auto plugins based on known facts Set(Atom(sbt.plugins.CorePlugin)) and clauses Clauses(List(Clause(Atom(sbt.plugins.JvmPlugin),Set(Atom(sbt.plugins.IvyPlugin))), Clause(Atom(sbt.plugins.JUnitXmlReportPlugin),Set(Atom(sbt.plugins.JvmPlugin))), Clause(Atom(sbt.plugins.CorePlugin),Set(Atom(sbt.plugins.IvyPlugin))), Clause(Atom(sbt.plugins.IvyPlugin),Set(Atom(sbt.plugins.JvmPlugin))), Clause(Atom(sbt.plugins.JvmPlugin),Set(Atom(sbt.plugins.JUnitXmlReportPlugin)))))
  :: deduced result: Matched(sbt.plugins.CorePlugin,sbt.plugins.IvyPlugin,sbt.plugins.JvmPlugin,sbt.plugins.JUnitXmlReportPlugin)
sorting: ns: List(sbt.plugins.CorePlugin, sbt.plugins.IvyPlugin, sbt.plugins.JvmPlugin, sbt.plugins.JUnitXmlReportPlugin)
  :: sorting:: found: List(sbt.plugins.CorePlugin) not found List(sbt.plugins.IvyPlugin, sbt.plugins.JvmPlugin, sbt.plugins.JUnitXmlReportPlugin)
  :: sorting:: found: List(sbt.plugins.CorePlugin, sbt.plugins.IvyPlugin) not found List(sbt.plugins.JvmPlugin, sbt.plugins.JUnitXmlReportPlugin)
  :: sorting:: found: List(sbt.plugins.CorePlugin, sbt.plugins.IvyPlugin, sbt.plugins.JvmPlugin) not found List(sbt.plugins.JUnitXmlReportPlugin)
  :: sorting:: found: List(sbt.plugins.CorePlugin, sbt.plugins.IvyPlugin, sbt.plugins.JvmPlugin, sbt.plugins.JUnitXmlReportPlugin) not found List()
  :: sorted deduced result: List(sbt.plugins.CorePlugin, sbt.plugins.IvyPlugin, sbt.plugins.JvmPlugin, sbt.plugins.JUnitXmlReportPlugin)
[Loading] Done in /Users/wenmenglan/csra-lab-mgnt-system/project, returning: (csra-lab-mgnt-system-build)
Loading project definition from /Users/wenmenglan/csra-lab-mgnt-system/project
Running task... Cancel: sbt.TaskCancellationStrategy$Null$@45c42c7a, check cycles: false

Initial source changes: 
	removed:Set()
	added: Set()
	modified: Set()
Removed products: Set()
External API changes: API Changes: Set()
Modified binary dependencies: Set()
Initial directly invalidated sources: Set()

Sources indirectly invalidated by:
	product: Set()
	binary dep: Set()
	external source: Set()
All initially invalidated sources: Set()

Copy resource mappings: 
	
[Loading] Scanning directory /Users/wenmenglan/csra-lab-mgnt-system
[Loading] Found root project root w/ remaining 
deducing auto plugins based on known facts Set(Atom(play.sbt.PlayJava), Atom(sbt.plugins.CorePlugin)) and clauses Clauses(List(Clause(Atom(sbt.plugins.JvmPlugin),Set(Atom(sbt.plugins.IvyPlugin))), Clause(Atom(sbt.plugins.JUnitXmlReportPlugin),Set(Atom(sbt.plugins.JvmPlugin))), Clause(Atom(play.sbt.forkrun.PlayForkRun),Set(Atom(sbt.plugins.BackgroundRunPlugin))), Clause(Atom(play.sbt.forkrun.PlayForkRun),Set(Atom(play.sbt.Play))), Clause(Atom(play.sbt.forkrun.PlayForkRun),Set(Atom(sbt.plugins.SerializersPlugin))), Clause(Atom(play.sbt.Play),Set(Atom(com.typesafe.sbt.packager.archetypes.JavaServerAppPackaging))), Clause(Atom(play.sbt.Play),Set(Atom(play.sbt.routes.RoutesCompiler))), Clause(Atom(play.sbt.Play),Set(Atom(play.twirl.sbt.SbtTwirl))), Clause(Atom(play.sbt.Play),Set(Atom(com.typesafe.sbt.jse.SbtJsTask))), Clause(Atom(play.sbt.PlayAkkaHttpServer),Set(Atom(play.sbt.Play))), Clause(Atom(play.sbt.PlayJava),Set(Atom(play.sbt.Play))), Clause(Atom(play.sbt.PlayLayoutPlugin),Set(Atom(play.sbt.Play))), Clause(Atom(play.sbt.PlayNettyServer),Set(Atom(play.sbt.Play))), Clause(Atom(play.sbt.PlayScala),Set(Atom(play.sbt.Play))), Clause(Atom(play.sbt.routes.RoutesCompiler),Set(Atom(sbt.plugins.JvmPlugin))), Clause(Atom(play.twirl.sbt.SbtTwirl),Set(Atom(sbt.plugins.JvmPlugin))), Clause(Atom(com.typesafe.sbt.packager.archetypes.AkkaAppPackaging),Set(Atom(com.typesafe.sbt.packager.archetypes.JavaAppPackaging))), Clause(Atom(com.typesafe.sbt.packager.archetypes.JavaAppPackaging),Set(Atom(com.typesafe.sbt.packager.windows.WindowsPlugin))), Clause(Atom(com.typesafe.sbt.packager.archetypes.JavaAppPackaging),Set(Atom(com.typesafe.sbt.packager.docker.DockerPlugin))), Clause(Atom(com.typesafe.sbt.packager.archetypes.JavaAppPackaging),Set(Atom(com.typesafe.sbt.packager.debian.DebianPlugin))), Clause(Atom(com.typesafe.sbt.packager.archetypes.JavaAppPackaging),Set(Atom(com.typesafe.sbt.packager.rpm.RpmPlugin))), Clause(Atom(com.typesafe.sbt.packager.archetypes.JavaServerAppPackaging),Set(Atom(com.typesafe.sbt.packager.archetypes.JavaAppPackaging))), Clause(Atom(com.typesafe.sbt.packager.archetypes.jar.ClasspathJarPlugin),Set(Atom(com.typesafe.sbt.packager.archetypes.JavaAppPackaging))), Clause(Atom(com.typesafe.sbt.packager.archetypes.jar.LauncherJarPlugin),Set(Atom(com.typesafe.sbt.packager.archetypes.JavaAppPackaging))), Clause(Atom(com.typesafe.sbt.packager.debian.DebianDeployPlugin),Set(Atom(com.typesafe.sbt.packager.debian.DebianPlugin))), Clause(Atom(com.typesafe.sbt.packager.debian.DebianPlugin),Set(Atom(com.typesafe.sbt.packager.linux.LinuxPlugin))), Clause(Atom(com.typesafe.sbt.packager.debian.JDebPackaging),Set(Atom(com.typesafe.sbt.packager.debian.DebianPlugin))), Clause(Atom(com.typesafe.sbt.packager.docker.DockerPlugin),Set(Atom(com.typesafe.sbt.packager.universal.UniversalPlugin))), Clause(Atom(com.typesafe.sbt.packager.jdkpackager.JDKPackagerDeployPlugin),Set(Atom(com.typesafe.sbt.packager.jdkpackager.JDKPackagerPlugin))), Clause(Atom(com.typesafe.sbt.packager.jdkpackager.JDKPackagerPlugin),Set(Atom(com.typesafe.sbt.packager.archetypes.JavaAppPackaging))), Clause(Atom(com.typesafe.sbt.packager.jdkpackager.JDKPackagerPlugin),Set(Atom(com.typesafe.sbt.packager.archetypes.jar.ClasspathJarPlugin))), Clause(Atom(com.typesafe.sbt.packager.linux.LinuxPlugin),Set(Atom(com.typesafe.sbt.packager.universal.UniversalPlugin))), Clause(Atom(com.typesafe.sbt.packager.rpm.RpmDeployPlugin),Set(Atom(com.typesafe.sbt.packager.rpm.RpmPlugin))), Clause(Atom(com.typesafe.sbt.packager.rpm.RpmPlugin),Set(Atom(com.typesafe.sbt.packager.linux.LinuxPlugin))), Clause(Atom(com.typesafe.sbt.packager.universal.UniversalDeployPlugin),Set(Atom(com.typesafe.sbt.packager.universal.UniversalPlugin))), Clause(Atom(com.typesafe.sbt.packager.universal.UniversalPlugin),Set(Atom(com.typesafe.sbt.SbtNativePackager))), Clause(Atom(com.typesafe.sbt.packager.windows.WindowsDeployPlugin),Set(Atom(com.typesafe.sbt.packager.windows.WindowsPlugin))), Clause(Atom(com.typesafe.sbt.packager.windows.WindowsPlugin),Set(Atom(com.typesafe.sbt.packager.universal.UniversalPlugin))), Clause(Atom(com.typesafe.sbt.jse.SbtJsEngine),Set(Atom(com.typesafe.sbt.web.SbtWeb))), Clause(Atom(com.typesafe.sbt.jse.SbtJsTask),Set(Atom(com.typesafe.sbt.jse.SbtJsEngine))), Clause(Atom(sbt.plugins.BackgroundRunPlugin),Set(Atom(sbt.plugins.JvmPlugin))), Clause(Atom(com.typesafe.sbt.coffeescript.SbtCoffeeScript),Set(Atom(com.typesafe.sbt.jse.SbtJsTask))), Clause(Atom(com.typesafe.sbt.less.SbtLess),Set(Atom(com.typesafe.sbt.jse.SbtJsTask))), Clause(Atom(com.typesafe.sbt.jshint.SbtJSHint),Set(Atom(com.typesafe.sbt.jse.SbtJsTask))), Clause(Atom(com.typesafe.sbt.rjs.SbtRjs),Set(Atom(com.typesafe.sbt.jse.SbtJsTask))), Clause(Atom(com.typesafe.sbt.digest.SbtDigest),Set(Atom(com.typesafe.sbt.web.SbtWeb))), Clause(Atom(com.typesafe.sbt.mocha.SbtMocha),Set(Atom(com.typesafe.sbt.jse.SbtJsTask))), Clause(Atom(org.irundaia.sbt.sass.SbtSassify),Set(Atom(com.typesafe.sbt.web.SbtWeb))), Clause(Atom(com.typesafe.sbt.web.SbtWeb),Set(Atom(sbt.plugins.JvmPlugin))), Clause(Atom(com.typesafe.play.sbt.enhancer.PlayEnhancer),Set(Atom(sbt.plugins.JvmPlugin))), Clause(Atom(com.typesafe.sbteclipse.plugin.EclipsePlugin),Set(Atom(sbt.plugins.JvmPlugin))), Clause(Atom(sbt.plugins.CorePlugin),Set(Atom(sbt.plugins.IvyPlugin))), Clause(Atom(sbt.plugins.IvyPlugin),Set(Atom(sbt.plugins.JvmPlugin))), Clause(Atom(sbt.plugins.JvmPlugin),Set(Atom(sbt.plugins.JUnitXmlReportPlugin))), Clause(And(Set(Atom(sbt.plugins.BackgroundRunPlugin), Atom(play.sbt.Play), Atom(sbt.plugins.SerializersPlugin))),Set(Atom(play.sbt.forkrun.PlayForkRun))), Clause(Atom(play.sbt.Play),Set(Atom(play.sbt.PlayLayoutPlugin))), Clause(Atom(play.sbt.Play),Set(Atom(play.sbt.PlayNettyServer))), Clause(Atom(com.typesafe.sbt.web.SbtWeb),Set(Atom(com.typesafe.sbt.jse.SbtJsEngine))), Clause(Atom(com.typesafe.sbt.jse.SbtJsEngine),Set(Atom(com.typesafe.sbt.jse.SbtJsTask))), Clause(Atom(sbt.plugins.JvmPlugin),Set(Atom(sbt.plugins.BackgroundRunPlugin))), Clause(Atom(sbt.plugins.CorePlugin),Set(Atom(sbt.plugins.InteractionServicePlugin))), Clause(Atom(sbt.plugins.CorePlugin),Set(Atom(sbt.plugins.SendEventServicePlugin))), Clause(Atom(sbt.plugins.CorePlugin),Set(Atom(sbt.plugins.SerializersPlugin))), Clause(Atom(com.typesafe.sbt.jse.SbtJsTask),Set(Atom(com.typesafe.sbt.coffeescript.SbtCoffeeScript))), Clause(Atom(com.typesafe.sbt.jse.SbtJsTask),Set(Atom(com.typesafe.sbt.less.SbtLess))), Clause(Atom(com.typesafe.sbt.jse.SbtJsTask),Set(Atom(com.typesafe.sbt.jshint.SbtJSHint))), Clause(Atom(com.typesafe.sbt.jse.SbtJsTask),Set(Atom(com.typesafe.sbt.rjs.SbtRjs))), Clause(Atom(com.typesafe.sbt.web.SbtWeb),Set(Atom(com.typesafe.sbt.digest.SbtDigest))), Clause(Atom(com.typesafe.sbt.jse.SbtJsTask),Set(Atom(com.typesafe.sbt.mocha.SbtMocha))), Clause(Atom(com.typesafe.sbt.web.SbtWeb),Set(Atom(org.irundaia.sbt.sass.SbtSassify))), Clause(Atom(sbt.plugins.JvmPlugin),Set(Atom(com.typesafe.play.sbt.enhancer.PlayEnhancer))), Clause(Atom(sbt.plugins.JvmPlugin),Set(Atom(com.typesafe.sbteclipse.plugin.EclipsePlugin)))))
  :: deduced result: Matched(sbt.plugins.CorePlugin,play.sbt.PlayJava,sbt.plugins.InteractionServicePlugin,sbt.plugins.SendEventServicePlugin,play.sbt.Play,sbt.plugins.SerializersPlugin,sbt.plugins.IvyPlugin,com.typesafe.sbt.packager.archetypes.JavaServerAppPackaging,play.twirl.sbt.SbtTwirl,sbt.plugins.JvmPlugin,play.sbt.PlayNettyServer,play.sbt.PlayLayoutPlugin,play.sbt.routes.RoutesCompiler,com.typesafe.sbt.jse.SbtJsTask,com.typesafe.sbt.jshint.SbtJSHint,com.typesafe.sbteclipse.plugin.EclipsePlugin,com.typesafe.play.sbt.enhancer.PlayEnhancer,com.typesafe.sbt.packager.archetypes.JavaAppPackaging,sbt.plugins.JUnitXmlReportPlugin,com.typesafe.sbt.mocha.SbtMocha,com.typesafe.sbt.less.SbtLess,com.typesafe.sbt.rjs.SbtRjs,com.typesafe.sbt.jse.SbtJsEngine,com.typesafe.sbt.coffeescript.SbtCoffeeScript,sbt.plugins.BackgroundRunPlugin,com.typesafe.sbt.packager.rpm.RpmPlugin,com.typesafe.sbt.packager.windows.WindowsPlugin,com.typesafe.sbt.web.SbtWeb,com.typesafe.sbt.packager.docker.DockerPlugin,play.sbt.forkrun.PlayForkRun,com.typesafe.sbt.packager.debian.DebianPlugin,org.irundaia.sbt.sass.SbtSassify,com.typesafe.sbt.digest.SbtDigest,com.typesafe.sbt.packager.universal.UniversalPlugin,com.typesafe.sbt.packager.linux.LinuxPlugin,com.typesafe.sbt.SbtNativePackager)
sorting: ns: List(sbt.plugins.CorePlugin, play.sbt.PlayJava, sbt.plugins.InteractionServicePlugin, sbt.plugins.SendEventServicePlugin, play.sbt.Play, sbt.plugins.SerializersPlugin, sbt.plugins.IvyPlugin, com.typesafe.sbt.packager.archetypes.JavaServerAppPackaging, play.twirl.sbt.SbtTwirl, sbt.plugins.JvmPlugin, play.sbt.PlayNettyServer, play.sbt.PlayLayoutPlugin, play.sbt.routes.RoutesCompiler, com.typesafe.sbt.jse.SbtJsTask, com.typesafe.sbt.jshint.SbtJSHint, com.typesafe.sbteclipse.plugin.EclipsePlugin, com.typesafe.play.sbt.enhancer.PlayEnhancer, com.typesafe.sbt.packager.archetypes.JavaAppPackaging, sbt.plugins.JUnitXmlReportPlugin, com.typesafe.sbt.mocha.SbtMocha, com.typesafe.sbt.less.SbtLess, com.typesafe.sbt.rjs.SbtRjs, com.typesafe.sbt.jse.SbtJsEngine, com.typesafe.sbt.coffeescript.SbtCoffeeScript, sbt.plugins.BackgroundRunPlugin, com.typesafe.sbt.packager.rpm.RpmPlugin, com.typesafe.sbt.packager.windows.WindowsPlugin, com.typesafe.sbt.web.SbtWeb, com.typesafe.sbt.packager.docker.DockerPlugin, play.sbt.forkrun.PlayForkRun, com.typesafe.sbt.packager.debian.DebianPlugin, org.irundaia.sbt.sass.SbtSassify, com.typesafe.sbt.digest.SbtDigest, com.typesafe.sbt.packager.universal.UniversalPlugin, com.typesafe.sbt.packager.linux.LinuxPlugin, com.typesafe.sbt.SbtNativePackager)
  :: sorting:: found: List(sbt.plugins.CorePlugin, com.typesafe.sbt.SbtNativePackager) not found List(play.sbt.PlayJava, sbt.plugins.InteractionServicePlugin, sbt.plugins.SendEventServicePlugin, play.sbt.Play, sbt.plugins.SerializersPlugin, sbt.plugins.IvyPlugin, com.typesafe.sbt.packager.archetypes.JavaServerAppPackaging, play.twirl.sbt.SbtTwirl, sbt.plugins.JvmPlugin, play.sbt.PlayNettyServer, play.sbt.PlayLayoutPlugin, play.sbt.routes.RoutesCompiler, com.typesafe.sbt.jse.SbtJsTask, com.typesafe.sbt.jshint.SbtJSHint, com.typesafe.sbteclipse.plugin.EclipsePlugin, com.typesafe.play.sbt.enhancer.PlayEnhancer, com.typesafe.sbt.packager.archetypes.JavaAppPackaging, sbt.plugins.JUnitXmlReportPlugin, com.typesafe.sbt.mocha.SbtMocha, com.typesafe.sbt.less.SbtLess, com.typesafe.sbt.rjs.SbtRjs, com.typesafe.sbt.jse.SbtJsEngine, com.typesafe.sbt.coffeescript.SbtCoffeeScript, sbt.plugins.BackgroundRunPlugin, com.typesafe.sbt.packager.rpm.RpmPlugin, com.typesafe.sbt.packager.windows.WindowsPlugin, com.typesafe.sbt.web.SbtWeb, com.typesafe.sbt.packager.docker.DockerPlugin, play.sbt.forkrun.PlayForkRun, com.typesafe.sbt.packager.debian.DebianPlugin, org.irundaia.sbt.sass.SbtSassify, com.typesafe.sbt.digest.SbtDigest, com.typesafe.sbt.packager.universal.UniversalPlugin, com.typesafe.sbt.packager.linux.LinuxPlugin)
  :: sorting:: found: List(sbt.plugins.CorePlugin, com.typesafe.sbt.SbtNativePackager, sbt.plugins.InteractionServicePlugin, sbt.plugins.SendEventServicePlugin, sbt.plugins.SerializersPlugin, sbt.plugins.IvyPlugin, com.typesafe.sbt.packager.universal.UniversalPlugin) not found List(play.sbt.PlayJava, play.sbt.Play, com.typesafe.sbt.packager.archetypes.JavaServerAppPackaging, play.twirl.sbt.SbtTwirl, sbt.plugins.JvmPlugin, play.sbt.PlayNettyServer, play.sbt.PlayLayoutPlugin, play.sbt.routes.RoutesCompiler, com.typesafe.sbt.jse.SbtJsTask, com.typesafe.sbt.jshint.SbtJSHint, com.typesafe.sbteclipse.plugin.EclipsePlugin, com.typesafe.play.sbt.enhancer.PlayEnhancer, com.typesafe.sbt.packager.archetypes.JavaAppPackaging, sbt.plugins.JUnitXmlReportPlugin, com.typesafe.sbt.mocha.SbtMocha, com.typesafe.sbt.less.SbtLess, com.typesafe.sbt.rjs.SbtRjs, com.typesafe.sbt.jse.SbtJsEngine, com.typesafe.sbt.coffeescript.SbtCoffeeScript, sbt.plugins.BackgroundRunPlugin, com.typesafe.sbt.packager.rpm.RpmPlugin, com.typesafe.sbt.packager.windows.WindowsPlugin, com.typesafe.sbt.web.SbtWeb, com.typesafe.sbt.packager.docker.DockerPlugin, play.sbt.forkrun.PlayForkRun, com.typesafe.sbt.packager.debian.DebianPlugin, org.irundaia.sbt.sass.SbtSassify, com.typesafe.sbt.digest.SbtDigest, com.typesafe.sbt.packager.linux.LinuxPlugin)
  :: sorting:: found: List(sbt.plugins.CorePlugin, com.typesafe.sbt.SbtNativePackager, sbt.plugins.InteractionServicePlugin, sbt.plugins.SendEventServicePlugin, sbt.plugins.SerializersPlugin, sbt.plugins.IvyPlugin, com.typesafe.sbt.packager.universal.UniversalPlugin, sbt.plugins.JvmPlugin, com.typesafe.sbt.packager.windows.WindowsPlugin, com.typesafe.sbt.packager.docker.DockerPlugin, com.typesafe.sbt.packager.linux.LinuxPlugin) not found List(play.sbt.PlayJava, play.sbt.Play, com.typesafe.sbt.packager.archetypes.JavaServerAppPackaging, play.twirl.sbt.SbtTwirl, play.sbt.PlayNettyServer, play.sbt.PlayLayoutPlugin, play.sbt.routes.RoutesCompiler, com.typesafe.sbt.jse.SbtJsTask, com.typesafe.sbt.jshint.SbtJSHint, com.typesafe.sbteclipse.plugin.EclipsePlugin, com.typesafe.play.sbt.enhancer.PlayEnhancer, com.typesafe.sbt.packager.archetypes.JavaAppPackaging, sbt.plugins.JUnitXmlReportPlugin, com.typesafe.sbt.mocha.SbtMocha, com.typesafe.sbt.less.SbtLess, com.typesafe.sbt.rjs.SbtRjs, com.typesafe.sbt.jse.SbtJsEngine, com.typesafe.sbt.coffeescript.SbtCoffeeScript, sbt.plugins.BackgroundRunPlugin, com.typesafe.sbt.packager.rpm.RpmPlugin, com.typesafe.sbt.web.SbtWeb, play.sbt.forkrun.PlayForkRun, com.typesafe.sbt.packager.debian.DebianPlugin, org.irundaia.sbt.sass.SbtSassify, com.typesafe.sbt.digest.SbtDigest)
  :: sorting:: found: List(sbt.plugins.CorePlugin, com.typesafe.sbt.SbtNativePackager, sbt.plugins.InteractionServicePlugin, sbt.plugins.SendEventServicePlugin, sbt.plugins.SerializersPlugin, sbt.plugins.IvyPlugin, com.typesafe.sbt.packager.universal.UniversalPlugin, sbt.plugins.JvmPlugin, com.typesafe.sbt.packager.windows.WindowsPlugin, com.typesafe.sbt.packager.docker.DockerPlugin, com.typesafe.sbt.packager.linux.LinuxPlugin, play.twirl.sbt.SbtTwirl, play.sbt.routes.RoutesCompiler, com.typesafe.sbteclipse.plugin.EclipsePlugin, com.typesafe.play.sbt.enhancer.PlayEnhancer, sbt.plugins.JUnitXmlReportPlugin, sbt.plugins.BackgroundRunPlugin, com.typesafe.sbt.packager.rpm.RpmPlugin, com.typesafe.sbt.web.SbtWeb, com.typesafe.sbt.packager.debian.DebianPlugin) not found List(play.sbt.PlayJava, play.sbt.Play, com.typesafe.sbt.packager.archetypes.JavaServerAppPackaging, play.sbt.PlayNettyServer, play.sbt.PlayLayoutPlugin, com.typesafe.sbt.jse.SbtJsTask, com.typesafe.sbt.jshint.SbtJSHint, com.typesafe.sbt.packager.archetypes.JavaAppPackaging, com.typesafe.sbt.mocha.SbtMocha, com.typesafe.sbt.less.SbtLess, com.typesafe.sbt.rjs.SbtRjs, com.typesafe.sbt.jse.SbtJsEngine, com.typesafe.sbt.coffeescript.SbtCoffeeScript, play.sbt.forkrun.PlayForkRun, org.irundaia.sbt.sass.SbtSassify, com.typesafe.sbt.digest.SbtDigest)
  :: sorting:: found: List(sbt.plugins.CorePlugin, com.typesafe.sbt.SbtNativePackager, sbt.plugins.InteractionServicePlugin, sbt.plugins.SendEventServicePlugin, sbt.plugins.SerializersPlugin, sbt.plugins.IvyPlugin, com.typesafe.sbt.packager.universal.UniversalPlugin, sbt.plugins.JvmPlugin, com.typesafe.sbt.packager.windows.WindowsPlugin, com.typesafe.sbt.packager.docker.DockerPlugin, com.typesafe.sbt.packager.linux.LinuxPlugin, play.twirl.sbt.SbtTwirl, play.sbt.routes.RoutesCompiler, com.typesafe.sbteclipse.plugin.EclipsePlugin, com.typesafe.play.sbt.enhancer.PlayEnhancer, sbt.plugins.JUnitXmlReportPlugin, sbt.plugins.BackgroundRunPlugin, com.typesafe.sbt.packager.rpm.RpmPlugin, com.typesafe.sbt.web.SbtWeb, com.typesafe.sbt.packager.debian.DebianPlugin, com.typesafe.sbt.packager.archetypes.JavaAppPackaging, com.typesafe.sbt.jse.SbtJsEngine, org.irundaia.sbt.sass.SbtSassify, com.typesafe.sbt.digest.SbtDigest) not found List(play.sbt.PlayJava, play.sbt.Play, com.typesafe.sbt.packager.archetypes.JavaServerAppPackaging, play.sbt.PlayNettyServer, play.sbt.PlayLayoutPlugin, com.typesafe.sbt.jse.SbtJsTask, com.typesafe.sbt.jshint.SbtJSHint, com.typesafe.sbt.mocha.SbtMocha, com.typesafe.sbt.less.SbtLess, com.typesafe.sbt.rjs.SbtRjs, com.typesafe.sbt.coffeescript.SbtCoffeeScript, play.sbt.forkrun.PlayForkRun)
  :: sorting:: found: List(sbt.plugins.CorePlugin, com.typesafe.sbt.SbtNativePackager, sbt.plugins.InteractionServicePlugin, sbt.plugins.SendEventServicePlugin, sbt.plugins.SerializersPlugin, sbt.plugins.IvyPlugin, com.typesafe.sbt.packager.universal.UniversalPlugin, sbt.plugins.JvmPlugin, com.typesafe.sbt.packager.windows.WindowsPlugin, com.typesafe.sbt.packager.docker.DockerPlugin, com.typesafe.sbt.packager.linux.LinuxPlugin, play.twirl.sbt.SbtTwirl, play.sbt.routes.RoutesCompiler, com.typesafe.sbteclipse.plugin.EclipsePlugin, com.typesafe.play.sbt.enhancer.PlayEnhancer, sbt.plugins.JUnitXmlReportPlugin, sbt.plugins.BackgroundRunPlugin, com.typesafe.sbt.packager.rpm.RpmPlugin, com.typesafe.sbt.web.SbtWeb, com.typesafe.sbt.packager.debian.DebianPlugin, com.typesafe.sbt.packager.archetypes.JavaAppPackaging, com.typesafe.sbt.jse.SbtJsEngine, org.irundaia.sbt.sass.SbtSassify, com.typesafe.sbt.digest.SbtDigest, com.typesafe.sbt.packager.archetypes.JavaServerAppPackaging, com.typesafe.sbt.jse.SbtJsTask) not found List(play.sbt.PlayJava, play.sbt.Play, play.sbt.PlayNettyServer, play.sbt.PlayLayoutPlugin, com.typesafe.sbt.jshint.SbtJSHint, com.typesafe.sbt.mocha.SbtMocha, com.typesafe.sbt.less.SbtLess, com.typesafe.sbt.rjs.SbtRjs, com.typesafe.sbt.coffeescript.SbtCoffeeScript, play.sbt.forkrun.PlayForkRun)
  :: sorting:: found: List(sbt.plugins.CorePlugin, com.typesafe.sbt.SbtNativePackager, sbt.plugins.InteractionServicePlugin, sbt.plugins.SendEventServicePlugin, sbt.plugins.SerializersPlugin, sbt.plugins.IvyPlugin, com.typesafe.sbt.packager.universal.UniversalPlugin, sbt.plugins.JvmPlugin, com.typesafe.sbt.packager.windows.WindowsPlugin, com.typesafe.sbt.packager.docker.DockerPlugin, com.typesafe.sbt.packager.linux.LinuxPlugin, play.twirl.sbt.SbtTwirl, play.sbt.routes.RoutesCompiler, com.typesafe.sbteclipse.plugin.EclipsePlugin, com.typesafe.play.sbt.enhancer.PlayEnhancer, sbt.plugins.JUnitXmlReportPlugin, sbt.plugins.BackgroundRunPlugin, com.typesafe.sbt.packager.rpm.RpmPlugin, com.typesafe.sbt.web.SbtWeb, com.typesafe.sbt.packager.debian.DebianPlugin, com.typesafe.sbt.packager.archetypes.JavaAppPackaging, com.typesafe.sbt.jse.SbtJsEngine, org.irundaia.sbt.sass.SbtSassify, com.typesafe.sbt.digest.SbtDigest, com.typesafe.sbt.packager.archetypes.JavaServerAppPackaging, com.typesafe.sbt.jse.SbtJsTask, play.sbt.Play, com.typesafe.sbt.jshint.SbtJSHint, com.typesafe.sbt.mocha.SbtMocha, com.typesafe.sbt.less.SbtLess, com.typesafe.sbt.rjs.SbtRjs, com.typesafe.sbt.coffeescript.SbtCoffeeScript) not found List(play.sbt.PlayJava, play.sbt.PlayNettyServer, play.sbt.PlayLayoutPlugin, play.sbt.forkrun.PlayForkRun)
  :: sorting:: found: List(sbt.plugins.CorePlugin, com.typesafe.sbt.SbtNativePackager, sbt.plugins.InteractionServicePlugin, sbt.plugins.SendEventServicePlugin, sbt.plugins.SerializersPlugin, sbt.plugins.IvyPlugin, com.typesafe.sbt.packager.universal.UniversalPlugin, sbt.plugins.JvmPlugin, com.typesafe.sbt.packager.windows.WindowsPlugin, com.typesafe.sbt.packager.docker.DockerPlugin, com.typesafe.sbt.packager.linux.LinuxPlugin, play.twirl.sbt.SbtTwirl, play.sbt.routes.RoutesCompiler, com.typesafe.sbteclipse.plugin.EclipsePlugin, com.typesafe.play.sbt.enhancer.PlayEnhancer, sbt.plugins.JUnitXmlReportPlugin, sbt.plugins.BackgroundRunPlugin, com.typesafe.sbt.packager.rpm.RpmPlugin, com.typesafe.sbt.web.SbtWeb, com.typesafe.sbt.packager.debian.DebianPlugin, com.typesafe.sbt.packager.archetypes.JavaAppPackaging, com.typesafe.sbt.jse.SbtJsEngine, org.irundaia.sbt.sass.SbtSassify, com.typesafe.sbt.digest.SbtDigest, com.typesafe.sbt.packager.archetypes.JavaServerAppPackaging, com.typesafe.sbt.jse.SbtJsTask, play.sbt.Play, com.typesafe.sbt.jshint.SbtJSHint, com.typesafe.sbt.mocha.SbtMocha, com.typesafe.sbt.less.SbtLess, com.typesafe.sbt.rjs.SbtRjs, com.typesafe.sbt.coffeescript.SbtCoffeeScript, play.sbt.PlayJava, play.sbt.PlayNettyServer, play.sbt.PlayLayoutPlugin, play.sbt.forkrun.PlayForkRun) not found List()
  :: sorted deduced result: List(sbt.plugins.CorePlugin, com.typesafe.sbt.SbtNativePackager, sbt.plugins.InteractionServicePlugin, sbt.plugins.SendEventServicePlugin, sbt.plugins.SerializersPlugin, sbt.plugins.IvyPlugin, com.typesafe.sbt.packager.universal.UniversalPlugin, sbt.plugins.JvmPlugin, com.typesafe.sbt.packager.windows.WindowsPlugin, com.typesafe.sbt.packager.docker.DockerPlugin, com.typesafe.sbt.packager.linux.LinuxPlugin, play.twirl.sbt.SbtTwirl, play.sbt.routes.RoutesCompiler, com.typesafe.sbteclipse.plugin.EclipsePlugin, com.typesafe.play.sbt.enhancer.PlayEnhancer, sbt.plugins.JUnitXmlReportPlugin, sbt.plugins.BackgroundRunPlugin, com.typesafe.sbt.packager.rpm.RpmPlugin, com.typesafe.sbt.web.SbtWeb, com.typesafe.sbt.packager.debian.DebianPlugin, com.typesafe.sbt.packager.archetypes.JavaAppPackaging, com.typesafe.sbt.jse.SbtJsEngine, org.irundaia.sbt.sass.SbtSassify, com.typesafe.sbt.digest.SbtDigest, com.typesafe.sbt.packager.archetypes.JavaServerAppPackaging, com.typesafe.sbt.jse.SbtJsTask, play.sbt.Play, com.typesafe.sbt.jshint.SbtJSHint, com.typesafe.sbt.mocha.SbtMocha, com.typesafe.sbt.less.SbtLess, com.typesafe.sbt.rjs.SbtRjs, com.typesafe.sbt.coffeescript.SbtCoffeeScript, play.sbt.PlayJava, play.sbt.PlayNettyServer, play.sbt.PlayLayoutPlugin, play.sbt.forkrun.PlayForkRun)
[Loading] Done in /Users/wenmenglan/csra-lab-mgnt-system, returning: (root)
Set current project to csra-lab (in build file:/Users/wenmenglan/csra-lab-mgnt-system/)
Reapplying settings...
Set current project to csra-lab (in build file:/Users/wenmenglan/csra-lab-mgnt-system/)
> iflast shell
> server-send-ready-for-request
> server-handle-next-server-request
> {file:/Users/wenmenglan/csra-lab-mgnt-system/}root/compile:mainClass
Evaluating tasks: compile:mainClass
Running task... Cancel: sbt.server.ServerTaskCancellation@454f51b2, check cycles: false
Total time: 0 s, completed Apr 5, 2016 12:03:41 PM
> server-post-command-cleanup
> server-handle-next-server-request
> {file:/Users/wenmenglan/csra-lab-mgnt-system/}root/compile:discoveredMainClasses
Evaluating tasks: compile:discoveredMainClasses
Running task... Cancel: sbt.server.ServerTaskCancellation@591c4a65, check cycles: false

Initial source changes: 
	removed:Set()
	added: Set(/Users/wenmenglan/csra-lab-mgnt-system/app/controllers/CustomErrorHandler.java)
	modified: Set()
Removed products: Set()
External API changes: API Changes: Set()
Modified binary dependencies: Set()
Initial directly invalidated sources: Set(/Users/wenmenglan/csra-lab-mgnt-system/app/controllers/CustomErrorHandler.java)

Sources indirectly invalidated by:
	product: Set()
	binary dep: Set()
	external source: Set()
All initially invalidated sources: Set(/Users/wenmenglan/csra-lab-mgnt-system/app/controllers/CustomErrorHandler.java)

Read from stdout: Compiling 1 Java source to /Users/wenmenglan/csra-lab-mgnt-system/target/scala-2.11/classes...
Compiling 1 Java source to /Users/wenmenglan/csra-lab-mgnt-system/target/scala-2.11/classes...
Attempting to call com.sun.tools.javac.api.JavacTool@e5a877b directly...
Read from stdout: /Users/wenmenglan/csra-lab-mgnt-system/app/controllers/CustomErrorHandler.java:23: 找不到符号
Read from stdout: 符号:   类 error500
Read from stdout: 位置: 程序包 views.html
/Users/wenmenglan/csra-lab-mgnt-system/app/controllers/CustomErrorHandler.java:23: 找不到符号
  符号:   类 error500
  位置: 程序包 views.html
Read from stdout: views.html.error500
views.html.error500
Read from stdout: /Users/wenmenglan/csra-lab-mgnt-system/app/controllers/CustomErrorHandler.java:27: 找不到符号
Read from stdout: 符号:   类 error500
Read from stdout: 位置: 程序包 views.html
/Users/wenmenglan/csra-lab-mgnt-system/app/controllers/CustomErrorHandler.java:27: 找不到符号
  符号:   类 error500
  位置: 程序包 views.html
Read from stdout: views.html.error500
views.html.error500
Read from stdout: (compile:compileIncremental) javac returned nonzero exit code
(compile:compileIncremental) javac returned nonzero exit code
Total time: 2 s, completed Apr 5, 2016 12:03:43 PM
> server-post-command-error-handler
> server-post-command-cleanup
> server-handle-next-server-request
> {file:/Users/wenmenglan/csra-lab-mgnt-system/}root/compile:mainClass
Evaluating tasks: compile:mainClass
Running task... Cancel: sbt.server.ServerTaskCancellation@174b561e, check cycles: false
Total time: 0 s, completed Apr 5, 2016 12:03:43 PM
> server-post-command-cleanup
> server-handle-next-server-request
> {file:/Users/wenmenglan/csra-lab-mgnt-system/}root/compile:discoveredMainClasses
Evaluating tasks: compile:discoveredMainClasses
Running task... Cancel: sbt.server.ServerTaskCancellation@762824f9, check cycles: false

Initial source changes: 
	removed:Set()
	added: Set(/Users/wenmenglan/csra-lab-mgnt-system/app/controllers/CustomErrorHandler.java)
	modified: Set()
Removed products: Set()
External API changes: API Changes: Set()
Modified binary dependencies: Set()
Initial directly invalidated sources: Set(/Users/wenmenglan/csra-lab-mgnt-system/app/controllers/CustomErrorHandler.java)

Sources indirectly invalidated by:
	product: Set()
	binary dep: Set()
	external source: Set()
All initially invalidated sources: Set(/Users/wenmenglan/csra-lab-mgnt-system/app/controllers/CustomErrorHandler.java)

Read from stdout: Compiling 1 Java source to /Users/wenmenglan/csra-lab-mgnt-system/target/scala-2.11/classes...
Compiling 1 Java source to /Users/wenmenglan/csra-lab-mgnt-system/target/scala-2.11/classes...
Attempting to call com.sun.tools.javac.api.JavacTool@774ec171 directly...
Read from stdout: /Users/wenmenglan/csra-lab-mgnt-system/app/controllers/CustomErrorHandler.java:23: 找不到符号
Read from stdout: 符号:   类 error500
Read from stdout: 位置: 程序包 views.html
/Users/wenmenglan/csra-lab-mgnt-system/app/controllers/CustomErrorHandler.java:23: 找不到符号
  符号:   类 error500
  位置: 程序包 views.html
Read from stdout: views.html.error500
views.html.error500
Read from stdout: /Users/wenmenglan/csra-lab-mgnt-system/app/controllers/CustomErrorHandler.java:27: 找不到符号
Read from stdout: 符号:   类 error500
Read from stdout: 位置: 程序包 views.html
/Users/wenmenglan/csra-lab-mgnt-system/app/controllers/CustomErrorHandler.java:27: 找不到符号
  符号:   类 error500
  位置: 程序包 views.html
Read from stdout: views.html.error500
views.html.error500
Read from stdout: (compile:compileIncremental) javac returned nonzero exit code
(compile:compileIncremental) javac returned nonzero exit code
Total time: 1 s, completed Apr 5, 2016 12:03:43 PM
> server-post-command-error-handler
> server-post-command-cleanup
> server-handle-next-server-request
> backgroundRun
Evaluating tasks: compile:backgroundRun
Running task... Cancel: sbt.server.ServerTaskCancellation@c340886, check cycles: false
Total time: 0 s, completed Apr 5, 2016 12:05:39 PM
> server-post-command-cleanup
> server-handle-next-server-request
> {file:/Users/wenmenglan/csra-lab-mgnt-system/}root/*:playForkConfig
Evaluating tasks: *:playForkConfig
Running task... Cancel: sbt.server.ServerTaskCancellation@b3e37a5, check cycles: false
Total time: 0 s, completed Apr 5, 2016 12:05:42 PM
> server-post-command-cleanup
> server-handle-next-server-request
> root/playForkNotifyStart http://localhost:9000
Evaluating tasks: *:playForkNotifyStart
Running task... Cancel: sbt.server.ServerTaskCancellation@5baa358e, check cycles: false
Total time: 0 s, completed Apr 5, 2016 12:05:43 PM
> server-post-command-cleanup
> server-handle-next-server-request
> {file:/Users/wenmenglan/csra-lab-mgnt-system/}root/*:playForkReload
Evaluating tasks: *:playForkReload
Running task... Cancel: sbt.server.ServerTaskCancellation@1e08e046, check cycles: false

Initial source changes: 
	removed:Set()
	added: Set(/Users/wenmenglan/csra-lab-mgnt-system/app/controllers/CustomErrorHandler.java)
	modified: Set()
Removed products: Set()
External API changes: API Changes: Set()
Modified binary dependencies: Set()
Initial directly invalidated sources: Set(/Users/wenmenglan/csra-lab-mgnt-system/app/controllers/CustomErrorHandler.java)

Sources indirectly invalidated by:
	product: Set()
	binary dep: Set()
	external source: Set()
All initially invalidated sources: Set(/Users/wenmenglan/csra-lab-mgnt-system/app/controllers/CustomErrorHandler.java)

Read from stdout: Compiling 1 Java source to /Users/wenmenglan/csra-lab-mgnt-system/target/scala-2.11/classes...
Compiling 1 Java source to /Users/wenmenglan/csra-lab-mgnt-system/target/scala-2.11/classes...
Attempting to call com.sun.tools.javac.api.JavacTool@75b31faf directly...
Read from stdout: /Users/wenmenglan/csra-lab-mgnt-system/app/controllers/CustomErrorHandler.java:23: 找不到符号
Read from stdout: 符号:   类 error500
Read from stdout: 位置: 程序包 views.html
/Users/wenmenglan/csra-lab-mgnt-system/app/controllers/CustomErrorHandler.java:23: 找不到符号
  符号:   类 error500
  位置: 程序包 views.html
Read from stdout: views.html.error500
views.html.error500
Read from stdout: /Users/wenmenglan/csra-lab-mgnt-system/app/controllers/CustomErrorHandler.java:27: 找不到符号
Read from stdout: 符号:   类 error500
Read from stdout: 位置: 程序包 views.html
/Users/wenmenglan/csra-lab-mgnt-system/app/controllers/CustomErrorHandler.java:27: 找不到符号
  符号:   类 error500
  位置: 程序包 views.html
Read from stdout: views.html.error500
views.html.error500
Warning: node.js detection failed, sbt will use the Rhino based Trireme JavaScript engine instead to run JavaScript assets compilation, which in some cases may be orders of magnitude slower than using node.js.
Total time: 1 s, completed Apr 5, 2016 12:05:46 PM
> server-post-command-cleanup
> server-handle-next-server-request
> compile
Evaluating tasks: compile:compile
Running task... Cancel: sbt.server.ServerTaskCancellation@2fd62c2, check cycles: false

Initial source changes: 
	removed:Set()
	added: Set(/Users/wenmenglan/csra-lab-mgnt-system/app/controllers/CustomErrorHandler.java)
	modified: Set(/Users/wenmenglan/csra-lab-mgnt-system/app/SecurityModule.java)
Removed products: Set()
External API changes: API Changes: Set()
Modified binary dependencies: Set()
Initial directly invalidated sources: Set(/Users/wenmenglan/csra-lab-mgnt-system/app/controllers/CustomErrorHandler.java, /Users/wenmenglan/csra-lab-mgnt-system/app/SecurityModule.java)

Sources indirectly invalidated by:
	product: Set()
	binary dep: Set()
	external source: Set()
All initially invalidated sources: Set(/Users/wenmenglan/csra-lab-mgnt-system/app/controllers/CustomErrorHandler.java, /Users/wenmenglan/csra-lab-mgnt-system/app/SecurityModule.java)

Read from stdout: Compiling 2 Java sources to /Users/wenmenglan/csra-lab-mgnt-system/target/scala-2.11/classes...
Compiling 2 Java sources to /Users/wenmenglan/csra-lab-mgnt-system/target/scala-2.11/classes...
Attempting to call com.sun.tools.javac.api.JavacTool@42ab7673 directly...
Read from stdout: /Users/wenmenglan/csra-lab-mgnt-system/app/controllers/CustomErrorHandler.java:23: 找不到符号
Read from stdout: 符号:   类 error500
Read from stdout: 位置: 程序包 views.html
/Users/wenmenglan/csra-lab-mgnt-system/app/controllers/CustomErrorHandler.java:23: 找不到符号
  符号:   类 error500
  位置: 程序包 views.html
Read from stdout: views.html.error500
views.html.error500
Read from stdout: /Users/wenmenglan/csra-lab-mgnt-system/app/controllers/CustomErrorHandler.java:27: 找不到符号
Read from stdout: 符号:   类 error500
Read from stdout: 位置: 程序包 views.html
/Users/wenmenglan/csra-lab-mgnt-system/app/controllers/CustomErrorHandler.java:27: 找不到符号
  符号:   类 error500
  位置: 程序包 views.html
Read from stdout: views.html.error500
views.html.error500
Read from stdout: (compile:compileIncremental) javac returned nonzero exit code
(compile:compileIncremental) javac returned nonzero exit code
Total time: 0 s, completed Apr 5, 2016 12:09:41 PM
> server-post-command-error-handler
> server-post-command-cleanup
> server-handle-next-server-request
> {file:/Users/wenmenglan/csra-lab-mgnt-system/}root/*:playForkReload
Evaluating tasks: *:playForkReload
Running task... Cancel: sbt.server.ServerTaskCancellation@af46570, check cycles: false

Initial source changes: 
	removed:Set()
	added: Set(/Users/wenmenglan/csra-lab-mgnt-system/app/controllers/CustomErrorHandler.java)
	modified: Set(/Users/wenmenglan/csra-lab-mgnt-system/app/SecurityModule.java)
Removed products: Set()
External API changes: API Changes: Set()
Modified binary dependencies: Set()
Initial directly invalidated sources: Set(/Users/wenmenglan/csra-lab-mgnt-system/app/controllers/CustomErrorHandler.java, /Users/wenmenglan/csra-lab-mgnt-system/app/SecurityModule.java)

Sources indirectly invalidated by:
	product: Set()
	binary dep: Set()
	external source: Set()
All initially invalidated sources: Set(/Users/wenmenglan/csra-lab-mgnt-system/app/controllers/CustomErrorHandler.java, /Users/wenmenglan/csra-lab-mgnt-system/app/SecurityModule.java)

Read from stdout: Compiling 2 Java sources to /Users/wenmenglan/csra-lab-mgnt-system/target/scala-2.11/classes...
Compiling 2 Java sources to /Users/wenmenglan/csra-lab-mgnt-system/target/scala-2.11/classes...
Attempting to call com.sun.tools.javac.api.JavacTool@4a1a0ab1 directly...
Read from stdout: /Users/wenmenglan/csra-lab-mgnt-system/app/controllers/CustomErrorHandler.java:23: 找不到符号
Read from stdout: 符号:   类 error500
Read from stdout: 位置: 程序包 views.html
/Users/wenmenglan/csra-lab-mgnt-system/app/controllers/CustomErrorHandler.java:23: 找不到符号
  符号:   类 error500
  位置: 程序包 views.html
Read from stdout: views.html.error500
views.html.error500
Read from stdout: /Users/wenmenglan/csra-lab-mgnt-system/app/controllers/CustomErrorHandler.java:27: 找不到符号
Read from stdout: 符号:   类 error500
Read from stdout: 位置: 程序包 views.html
/Users/wenmenglan/csra-lab-mgnt-system/app/controllers/CustomErrorHandler.java:27: 找不到符号
  符号:   类 error500
  位置: 程序包 views.html
Read from stdout: views.html.error500
views.html.error500
Total time: 1 s, completed Apr 5, 2016 12:09:42 PM
> server-post-command-cleanup
> server-handle-next-server-request
> {file:/Users/wenmenglan/csra-lab-mgnt-system/}root/*:playForkReload
Evaluating tasks: *:playForkReload
Running task... Cancel: sbt.server.ServerTaskCancellation@4164e62d, check cycles: false

Initial source changes: 
	removed:Set()
	added: Set(/Users/wenmenglan/csra-lab-mgnt-system/target/scala-2.11/twirl/main/views/html/error500.template.scala, /Users/wenmenglan/csra-lab-mgnt-system/app/controllers/CustomErrorHandler.java, /Users/wenmenglan/csra-lab-mgnt-system/target/scala-2.11/twirl/main/views/html/error403.template.scala, /Users/wenmenglan/csra-lab-mgnt-system/target/scala-2.11/twirl/main/views/html/error401.template.scala)
	modified: Set(/Users/wenmenglan/csra-lab-mgnt-system/app/SecurityModule.java)
Removed products: Set()
External API changes: API Changes: Set()
Modified binary dependencies: Set()
Initial directly invalidated sources: Set(/Users/wenmenglan/csra-lab-mgnt-system/target/scala-2.11/twirl/main/views/html/error500.template.scala, /Users/wenmenglan/csra-lab-mgnt-system/app/controllers/CustomErrorHandler.java, /Users/wenmenglan/csra-lab-mgnt-system/target/scala-2.11/twirl/main/views/html/error403.template.scala, /Users/wenmenglan/csra-lab-mgnt-system/target/scala-2.11/twirl/main/views/html/error401.template.scala, /Users/wenmenglan/csra-lab-mgnt-system/app/SecurityModule.java)

Sources indirectly invalidated by:
	product: Set()
	binary dep: Set()
	external source: Set()
All initially invalidated sources: Set(/Users/wenmenglan/csra-lab-mgnt-system/target/scala-2.11/twirl/main/views/html/error500.template.scala, /Users/wenmenglan/csra-lab-mgnt-system/app/controllers/CustomErrorHandler.java, /Users/wenmenglan/csra-lab-mgnt-system/target/scala-2.11/twirl/main/views/html/error403.template.scala, /Users/wenmenglan/csra-lab-mgnt-system/target/scala-2.11/twirl/main/views/html/error401.template.scala, /Users/wenmenglan/csra-lab-mgnt-system/app/SecurityModule.java)

Read from stdout: Compiling 3 Scala sources and 2 Java sources to /Users/wenmenglan/csra-lab-mgnt-system/target/scala-2.11/classes...
Compiling 3 Scala sources and 2 Java sources to /Users/wenmenglan/csra-lab-mgnt-system/target/scala-2.11/classes...
Getting compiler-interface from component compiler for Scala 2.11.7
Other repositories:
Default repositories:
Getting compiler-interface from component compiler for Scala 2.11.7
Other repositories:
Default repositories:
Running cached compiler 63affd6d, interfacing (CompilerInterface) with Scala compiler version 2.11.7
Calling Scala compiler with arguments  (CompilerInterface):
	-deprecation
	-unchecked
	-encoding
	utf8
	-bootclasspath
	/Library/Java/JavaVirtualMachines/jdk1.8.0_73.jdk/Contents/Home/jre/lib/resources.jar:/Library/Java/JavaVirtualMachines/jdk1.8.0_73.jdk/Contents/Home/jre/lib/rt.jar:/Library/Java/JavaVirtualMachines/jdk1.8.0_73.jdk/Contents/Home/jre/lib/sunrsasign.jar:/Library/Java/JavaVirtualMachines/jdk1.8.0_73.jdk/Contents/Home/jre/lib/jsse.jar:/Library/Java/JavaVirtualMachines/jdk1.8.0_73.jdk/Contents/Home/jre/lib/jce.jar:/Library/Java/JavaVirtualMachines/jdk1.8.0_73.jdk/Contents/Home/jre/lib/charsets.jar:/Library/Java/JavaVirtualMachines/jdk1.8.0_73.jdk/Contents/Home/jre/lib/jfr.jar:/Library/Java/JavaVirtualMachines/jdk1.8.0_73.jdk/Contents/Home/jre/classes:/Users/wenmenglan/.ivy2/cache/org.scala-lang/scala-library/jars/scala-library-2.11.7.jar
	-classpath
	/Users/wenmenglan/csra-lab-mgnt-system/target/scala-2.11/classes:/Users/wenmenglan/.ivy2/cache/com.typesafe.play/twirl-api_2.11/jars/twirl-api_2.11-1.1.1.jar:/Users/wenmenglan/.ivy2/cache/org.apache.commons/commons-lang3/jars/commons-lang3-3.4.jar:/Users/wenmenglan/.ivy2/cache/org.scala-lang.modules/scala-xml_2.11/bundles/scala-xml_2.11-1.0.1.jar:/Users/wenmenglan/.ivy2/cache/com.typesafe.play/play-enhancer/jars/play-enhancer-1.1.0.jar:/Users/wenmenglan/.ivy2/cache/com.typesafe.play/play-server_2.11/jars/play-server_2.11-2.4.0.jar:/Users/wenmenglan/.ivy2/cache/com.typesafe.play/play_2.11/jars/play_2.11-2.4.0.jar:/Users/wenmenglan/.ivy2/cache/com.typesafe.play/build-link/jars/build-link-2.4.0.jar:/Users/wenmenglan/.ivy2/cache/com.typesafe.play/play-exceptions/jars/play-exceptions-2.4.0.jar:/Users/wenmenglan/.ivy2/cache/com.typesafe.play/play-iteratees_2.11/jars/play-iteratees_2.11-2.4.0.jar:/Users/wenmenglan/.ivy2/cache/org.scala-stm/scala-stm_2.11/jars/scala-stm_2.11-0.7.jar:/Users/wenmenglan/.ivy2/cache/com.typesafe/config/bundles/config-1.3.0.jar:/Users/wenmenglan/.ivy2/cache/com.typesafe.play/play-json_2.11/jars/play-json_2.11-2.4.0.jar:/Users/wenmenglan/.ivy2/cache/com.typesafe.play/play-functional_2.11/jars/play-functional_2.11-2.4.0.jar:/Users/wenmenglan/.ivy2/cache/com.typesafe.play/play-datacommons_2.11/jars/play-datacommons_2.11-2.4.0.jar:/Users/wenmenglan/.ivy2/cache/joda-time/joda-time/jars/joda-time-2.7.jar:/Users/wenmenglan/.ivy2/cache/org.joda/joda-convert/jars/joda-convert-1.7.jar:/Users/wenmenglan/.ivy2/cache/org.scala-lang/scala-reflect/jars/scala-reflect-2.11.6.jar:/Users/wenmenglan/.ivy2/cache/com.fasterxml.jackson.core/jackson-core/bundles/jackson-core-2.5.3.jar:/Users/wenmenglan/.ivy2/cache/com.fasterxml.jackson.core/jackson-annotations/bundles/jackson-annotations-2.5.3.jar:/Users/wenmenglan/.ivy2/cache/com.fasterxml.jackson.core/jackson-databind/bundles/jackson-databind-2.5.3.jar:/Users/wenmenglan/.ivy2/cache/com.fasterxml.jackson.datatype/jackson-datatype-jdk8/bundles/jackson-datatype-jdk8-2.5.3.jar:/Users/wenmenglan/.ivy2/cache/com.fasterxml.jackson.datatype/jackson-datatype-jsr310/bundles/jackson-datatype-jsr310-2.5.3.jar:/Users/wenmenglan/.ivy2/cache/com.typesafe.play/play-netty-utils/jars/play-netty-utils-2.4.0.jar:/Users/wenmenglan/.ivy2/cache/org.slf4j/slf4j-api/jars/slf4j-api-1.7.12.jar:/Users/wenmenglan/.ivy2/cache/org.slf4j/jul-to-slf4j/jars/jul-to-slf4j-1.7.12.jar:/Users/wenmenglan/.ivy2/cache/org.slf4j/jcl-over-slf4j/jars/jcl-over-slf4j-1.7.12.jar:/Users/wenmenglan/.ivy2/cache/org.scala-lang.modules/scala-parser-combinators_2.11/bundles/scala-parser-combinators_2.11-1.0.1.jar:/Users/wenmenglan/.ivy2/cache/ch.qos.logback/logback-core/jars/logback-core-1.1.3.jar:/Users/wenmenglan/.ivy2/cache/ch.qos.logback/logback-classic/jars/logback-classic-1.1.3.jar:/Users/wenmenglan/.ivy2/cache/com.typesafe.akka/akka-actor_2.11/jars/akka-actor_2.11-2.3.11.jar:/Users/wenmenglan/.ivy2/cache/com.typesafe.akka/akka-slf4j_2.11/jars/akka-slf4j_2.11-2.3.11.jar:/Users/wenmenglan/.ivy2/cache/commons-codec/commons-codec/jars/commons-codec-1.10.jar:/Users/wenmenglan/.ivy2/cache/xerces/xercesImpl/jars/xercesImpl-2.11.0.jar:/Users/wenmenglan/.ivy2/cache/xml-apis/xml-apis/jars/xml-apis-1.4.01.jar:/Users/wenmenglan/.ivy2/cache/javax.transaction/jta/jars/jta-1.1.jar:/Users/wenmenglan/.ivy2/cache/com.google.inject/guice/jars/guice-4.0.jar:/Users/wenmenglan/.ivy2/cache/javax.inject/javax.inject/jars/javax.inject-1.jar:/Users/wenmenglan/.ivy2/cache/aopalliance/aopalliance/jars/aopalliance-1.0.jar:/Users/wenmenglan/.ivy2/cache/com.google.inject.extensions/guice-assistedinject/jars/guice-assistedinject-4.0.jar:/Users/wenmenglan/.ivy2/cache/com.typesafe.play/play-java_2.11/jars/play-java_2.11-2.4.0.jar:/Users/wenmenglan/.ivy2/cache/org.scala-lang.modules/scala-java8-compat_2.11/bundles/scala-java8-compat_2.11-0.3.0.jar:/Users/wenmenglan/.ivy2/cache/org.yaml/snakeyaml/bundles/snakeyaml-1.15.jar:/Users/wenmenglan/.ivy2/cache/org.hibernate/hibernate-validator/jars/hibernate-validator-5.0.3.Final.jar:/Users/wenmenglan/.ivy2/cache/javax.validation/validation-api/jars/validation-api-1.1.0.Final.jar:/Users/wenmenglan/.ivy2/cache/org.springframework/spring-context/jars/spring-context-4.1.6.RELEASE.jar:/Users/wenmenglan/.ivy2/cache/org.springframework/spring-core/jars/spring-core-4.1.6.RELEASE.jar:/Users/wenmenglan/.ivy2/cache/org.springframework/spring-beans/jars/spring-beans-4.1.6.RELEASE.jar:/Users/wenmenglan/.ivy2/cache/org.reflections/reflections/jars/reflections-0.9.9.jar:/Users/wenmenglan/.ivy2/cache/com.google.guava/guava/bundles/guava-18.0.jar:/Users/wenmenglan/.ivy2/cache/com.google.code.findbugs/annotations/jars/annotations-2.0.1.jar:/Users/wenmenglan/.ivy2/cache/net.jodah/typetools/bundles/typetools-0.4.1.jar:/Users/wenmenglan/.ivy2/cache/com.google.code.findbugs/jsr305/jars/jsr305-2.0.3.jar:/Users/wenmenglan/.ivy2/cache/org.apache.tomcat/tomcat-servlet-api/jars/tomcat-servlet-api-8.0.21.jar:/Users/wenmenglan/.ivy2/cache/com.typesafe.play/play-netty-server_2.11/jars/play-netty-server_2.11-2.4.0.jar:/Users/wenmenglan/.ivy2/cache/io.netty/netty/bundles/netty-3.10.3.Final.jar:/Users/wenmenglan/.ivy2/cache/com.typesafe.netty/netty-http-pipelining/jars/netty-http-pipelining-1.1.4.jar:/Users/wenmenglan/.ivy2/cache/com.typesafe.play/play-java-jdbc_2.11/jars/play-java-jdbc_2.11-2.4.0.jar:/Users/wenmenglan/.ivy2/cache/com.typesafe.play/play-jdbc_2.11/jars/play-jdbc_2.11-2.4.0.jar:/Users/wenmenglan/.ivy2/cache/com.typesafe.play/play-jdbc-api_2.11/jars/play-jdbc-api_2.11-2.4.0.jar:/Users/wenmenglan/.ivy2/cache/com.jolbox/bonecp/bundles/bonecp-0.8.0.RELEASE.jar:/Users/wenmenglan/.ivy2/cache/com.zaxxer/HikariCP/bundles/HikariCP-2.3.7.jar:/Users/wenmenglan/.ivy2/cache/com.h2database/h2/jars/h2-1.4.187.jar:/Users/wenmenglan/.ivy2/cache/tyrex/tyrex/jars/tyrex-1.0.1.jar:/Users/wenmenglan/.ivy2/cache/com.typesafe.play/play-cache_2.11/jars/play-cache_2.11-2.4.0.jar:/Users/wenmenglan/.ivy2/cache/net.sf.ehcache/ehcache-core/jars/ehcache-core-2.6.11.jar:/Users/wenmenglan/.ivy2/cache/mysql/mysql-connector-java/jars/mysql-connector-java-5.1.38.jar:/Users/wenmenglan/.ivy2/cache/com.typesafe.play/play-java-ws_2.11/jars/play-java-ws_2.11-2.4.0.jar:/Users/wenmenglan/.ivy2/cache/com.typesafe.play/play-ws_2.11/jars/play-ws_2.11-2.4.0.jar:/Users/wenmenglan/.ivy2/cache/com.ning/async-http-client/jars/async-http-client-1.9.21.jar:/Users/wenmenglan/.ivy2/cache/oauth.signpost/signpost-core/jars/signpost-core-1.2.1.2.jar:/Users/wenmenglan/.ivy2/cache/oauth.signpost/signpost-commonshttp4/jars/signpost-commonshttp4-1.2.1.2.jar:/Users/wenmenglan/.ivy2/cache/org.apache.httpcomponents/httpcore/jars/httpcore-4.0.1.jar:/Users/wenmenglan/.ivy2/cache/org.apache.httpcomponents/httpclient/jars/httpclient-4.0.1.jar:/Users/wenmenglan/.ivy2/cache/commons-logging/commons-logging/jars/commons-logging-1.1.1.jar:/Users/wenmenglan/.ivy2/cache/com.typesafe.play/play-java-jpa_2.11/jars/play-java-jpa_2.11-2.4.0.jar:/Users/wenmenglan/.ivy2/cache/org.hibernate.javax.persistence/hibernate-jpa-2.1-api/jars/hibernate-jpa-2.1-api-1.0.0.Final.jar:/Users/wenmenglan/.ivy2/cache/org.hibernate/hibernate-entitymanager/jars/hibernate-entitymanager-5.1.0.Final.jar:/Users/wenmenglan/.ivy2/cache/org.jboss.logging/jboss-logging/jars/jboss-logging-3.3.0.Final.jar:/Users/wenmenglan/.ivy2/cache/org.hibernate/hibernate-core/jars/hibernate-core-5.1.0.Final.jar:/Users/wenmenglan/.ivy2/cache/org.javassist/javassist/bundles/javassist-3.20.0-GA.jar:/Users/wenmenglan/.ivy2/cache/antlr/antlr/jars/antlr-2.7.7.jar:/Users/wenmenglan/.ivy2/cache/org.apache.geronimo.specs/geronimo-jta_1.1_spec/jars/geronimo-jta_1.1_spec-1.1.1.jar:/Users/wenmenglan/.ivy2/cache/org.jboss/jandex/bundles/jandex-2.0.0.Final.jar:/Users/wenmenglan/.ivy2/cache/com.fasterxml/classmate/bundles/classmate-1.3.0.jar:/Users/wenmenglan/.ivy2/cache/dom4j/dom4j/jars/dom4j-1.6.1.jar:/Users/wenmenglan/.ivy2/cache/org.hibernate.common/hibernate-commons-annotations/jars/hibernate-commons-annotations-5.0.1.Final.jar:/Users/wenmenglan/.ivy2/cache/org.pac4j/play-pac4j/jars/play-pac4j-2.2.0-SNAPSHOT.jar:/Users/wenmenglan/.ivy2/cache/org.pac4j/pac4j-core/jars/pac4j-core-1.8.6.jar:/Users/wenmenglan/.ivy2/cache/org.pac4j/pac4j-http/jars/pac4j-http-1.8.6.jar:/Users/wenmenglan/.ivy2/cache/org.pac4j/pac4j-jwt/jars/pac4j-jwt-1.8.6.jar:/Users/wenmenglan/.ivy2/cache/com.nimbusds/nimbus-jose-jwt/jars/nimbus-jose-jwt-4.11.jar:/Users/wenmenglan/.ivy2/cache/net.jcip/jcip-annotations/jars/jcip-annotations-1.0.jar:/Users/wenmenglan/.ivy2/cache/net.minidev/json-smart/bundles/json-smart-1.3.1.jar:/Users/wenmenglan/.ivy2/cache/commons-io/commons-io/jars/commons-io-2.4.jar:/Users/wenmenglan/.ivy2/cache/org.bouncycastle/bcprov-jdk15on/jars/bcprov-jdk15on-1.51.jar:/Users/wenmenglan/.ivy2/cache/org.pac4j/pac4j-cas/jars/pac4j-cas-1.8.6.jar:/Users/wenmenglan/.ivy2/cache/org.jasig.cas.client/cas-client-core/jars/cas-client-core-3.4.1.jar:/Users/wenmenglan/.ivy2/cache/org.jasig.cas.client/cas-client-support-saml/jars/cas-client-support-saml-3.4.1.jar:/Users/wenmenglan/.ivy2/cache/org.pac4j/pac4j-oauth/jars/pac4j-oauth-1.8.6.jar:/Users/wenmenglan/.ivy2/cache/org.scribe/scribe/jars/scribe-1.3.6.jar
Scala compilation took 3.683505483 s
Attempting to call com.sun.tools.javac.api.JavacTool@55f4ccc6 directly...
Java compilation took 0.058951548 s
Java analysis took 0.078466171 s
Java compile + analysis took 0.14311028 s
Invalidating /Users/wenmenglan/csra-lab-mgnt-system/target/scala-2.11/twirl/main/views/html/error500.template.scala...
Invalidating (transitively) by inheritance from /Users/wenmenglan/csra-lab-mgnt-system/target/scala-2.11/twirl/main/views/html/error500.template.scala...
Initial set of included nodes: Set(/Users/wenmenglan/csra-lab-mgnt-system/target/scala-2.11/twirl/main/views/html/error500.template.scala)
Invalidated by transitive inheritance dependency: Set(/Users/wenmenglan/csra-lab-mgnt-system/target/scala-2.11/twirl/main/views/html/error500.template.scala)
The /Users/wenmenglan/csra-lab-mgnt-system/target/scala-2.11/twirl/main/views/html/error500.template.scala source file has the following regular definitions changed:
	notify, format, wait, $asInstanceOf, productArity, equals, asInstanceOf, error500, f, synchronized, _display_, $isInstanceOf, ref, canEqual, productPrefix, notifyAll, readResolve, isInstanceOf, error500_Scope0, <init>, apply, ==, clone, copy, toString, !=, getClass, copy$default$1, render, ne, eq, productIterator, ##, finalize, productElement, hashCode.
All member reference dependencies will be considered within this context.
Name hashing optimization doesn't apply to non-Scala dependency: /Users/wenmenglan/csra-lab-mgnt-system/app/controllers/CustomErrorHandler.java
Invalidating /Users/wenmenglan/csra-lab-mgnt-system/app/controllers/CustomErrorHandler.java...
Invalidating (transitively) by inheritance from /Users/wenmenglan/csra-lab-mgnt-system/app/controllers/CustomErrorHandler.java...
Initial set of included nodes: Set(/Users/wenmenglan/csra-lab-mgnt-system/app/controllers/CustomErrorHandler.java)
Invalidated by transitive inheritance dependency: Set(/Users/wenmenglan/csra-lab-mgnt-system/app/controllers/CustomErrorHandler.java)
The /Users/wenmenglan/csra-lab-mgnt-system/app/controllers/CustomErrorHandler.java source file has the following regular definitions changed:
	onServerError, notify, onDevServerError, wait, onProdServerError, equals, CustomErrorHandler, notifyAll, <init>, onClientError, toString, getClass, hashCode.
All member reference dependencies will be considered within this context.
Name hashing optimization doesn't apply to non-Scala dependency: /Users/wenmenglan/csra-lab-mgnt-system/app/controllers/CustomErrorHandler.java
Invalidating /Users/wenmenglan/csra-lab-mgnt-system/target/scala-2.11/twirl/main/views/html/error403.template.scala...
Invalidating (transitively) by inheritance from /Users/wenmenglan/csra-lab-mgnt-system/target/scala-2.11/twirl/main/views/html/error403.template.scala...
Initial set of included nodes: Set(/Users/wenmenglan/csra-lab-mgnt-system/target/scala-2.11/twirl/main/views/html/error403.template.scala)
Invalidated by transitive inheritance dependency: Set(/Users/wenmenglan/csra-lab-mgnt-system/target/scala-2.11/twirl/main/views/html/error403.template.scala)
The /Users/wenmenglan/csra-lab-mgnt-system/target/scala-2.11/twirl/main/views/html/error403.template.scala source file has the following regular definitions changed:
	error403_Scope0, notify, format, wait, $asInstanceOf, productArity, equals, asInstanceOf, f, synchronized, _display_, $isInstanceOf, error403, ref, canEqual, productPrefix, notifyAll, readResolve, isInstanceOf, <init>, apply, ==, clone, copy, toString, !=, getClass, copy$default$1, render, ne, eq, productIterator, ##, finalize, productElement, hashCode.
All member reference dependencies will be considered within this context.
Invalidating /Users/wenmenglan/csra-lab-mgnt-system/target/scala-2.11/twirl/main/views/html/error401.template.scala...
Invalidating (transitively) by inheritance from /Users/wenmenglan/csra-lab-mgnt-system/target/scala-2.11/twirl/main/views/html/error401.template.scala...
Initial set of included nodes: Set(/Users/wenmenglan/csra-lab-mgnt-system/target/scala-2.11/twirl/main/views/html/error401.template.scala)
Invalidated by transitive inheritance dependency: Set(/Users/wenmenglan/csra-lab-mgnt-system/target/scala-2.11/twirl/main/views/html/error401.template.scala)
The /Users/wenmenglan/csra-lab-mgnt-system/target/scala-2.11/twirl/main/views/html/error401.template.scala source file has the following regular definitions changed:
	notify, format, wait, $asInstanceOf, productArity, equals, asInstanceOf, f, synchronized, _display_, $isInstanceOf, error401, ref, canEqual, productPrefix, notifyAll, readResolve, isInstanceOf, <init>, apply, ==, clone, copy, toString, !=, error401_Scope0, getClass, copy$default$1, render, ne, eq, productIterator, ##, finalize, productElement, hashCode.
All member reference dependencies will be considered within this context.
New invalidations:
	Set()
Initial set of included nodes: Set()
Previously invalidated, but (transitively) depend on new invalidations:
	Set()
All newly invalidated sources after taking into account (previously) recompiled sources:Set()
Copy resource mappings: 
	(/Users/wenmenglan/csra-lab-mgnt-system/conf/application.conf,/Users/wenmenglan/csra-lab-mgnt-system/target/scala-2.11/classes/application.conf)
	(/Users/wenmenglan/csra-lab-mgnt-system/conf/logback.xml,/Users/wenmenglan/csra-lab-mgnt-system/target/scala-2.11/classes/logback.xml)
	(/Users/wenmenglan/csra-lab-mgnt-system/conf/META-INF,/Users/wenmenglan/csra-lab-mgnt-system/target/scala-2.11/classes/META-INF)
	(/Users/wenmenglan/csra-lab-mgnt-system/conf/routes,/Users/wenmenglan/csra-lab-mgnt-system/target/scala-2.11/classes/routes)
	(/Users/wenmenglan/csra-lab-mgnt-system/conf/META-INF/persistence.xml,/Users/wenmenglan/csra-lab-mgnt-system/target/scala-2.11/classes/META-INF/persistence.xml)
Total time: 5 s, completed Apr 5, 2016 12:14:02 PM
> server-post-command-cleanup
> server-handle-next-server-request
> compile
Evaluating tasks: compile:compile
Running task... Cancel: sbt.server.ServerTaskCancellation@3887c61c, check cycles: false

Initial source changes: 
	removed:Set()
	added: Set()
	modified: Set(/Users/wenmenglan/csra-lab-mgnt-system/app/SecurityModule.java)
Removed products: Set()
External API changes: API Changes: Set()
Modified binary dependencies: Set()
Initial directly invalidated sources: Set(/Users/wenmenglan/csra-lab-mgnt-system/app/SecurityModule.java)

Sources indirectly invalidated by:
	product: Set()
	binary dep: Set()
	external source: Set()
All initially invalidated sources: Set(/Users/wenmenglan/csra-lab-mgnt-system/app/SecurityModule.java)

Read from stdout: Compiling 1 Java source to /Users/wenmenglan/csra-lab-mgnt-system/target/scala-2.11/classes...
Compiling 1 Java source to /Users/wenmenglan/csra-lab-mgnt-system/target/scala-2.11/classes...
Attempting to call com.sun.tools.javac.api.JavacTool@3df13f84 directly...
Read from stdout: /Users/wenmenglan/csra-lab-mgnt-system/app/SecurityModule.java:46: 非法的表达式开始
/Users/wenmenglan/csra-lab-mgnt-system/app/SecurityModule.java:46: 非法的表达式开始
Read from stdout: (compile:compileIncremental) javac returned nonzero exit code
(compile:compileIncremental) javac returned nonzero exit code
Total time: 0 s, completed Apr 5, 2016 12:19:48 PM
> server-post-command-error-handler
> server-post-command-cleanup
> server-handle-next-server-request
> {file:/Users/wenmenglan/csra-lab-mgnt-system/}root/*:playForkReload
Evaluating tasks: *:playForkReload
Running task... Cancel: sbt.server.ServerTaskCancellation@2c93740c, check cycles: false

Initial source changes: 
	removed:Set()
	added: Set()
	modified: Set(/Users/wenmenglan/csra-lab-mgnt-system/app/SecurityModule.java)
Removed products: Set()
External API changes: API Changes: Set()
Modified binary dependencies: Set()
Initial directly invalidated sources: Set(/Users/wenmenglan/csra-lab-mgnt-system/app/SecurityModule.java)

Sources indirectly invalidated by:
	product: Set()
	binary dep: Set()
	external source: Set()
All initially invalidated sources: Set(/Users/wenmenglan/csra-lab-mgnt-system/app/SecurityModule.java)

Read from stdout: Compiling 1 Java source to /Users/wenmenglan/csra-lab-mgnt-system/target/scala-2.11/classes...
Compiling 1 Java source to /Users/wenmenglan/csra-lab-mgnt-system/target/scala-2.11/classes...
Attempting to call com.sun.tools.javac.api.JavacTool@52c3eaaf directly...
Read from stdout: /Users/wenmenglan/csra-lab-mgnt-system/app/SecurityModule.java:46: 非法的表达式开始
/Users/wenmenglan/csra-lab-mgnt-system/app/SecurityModule.java:46: 非法的表达式开始
Total time: 0 s, completed Apr 5, 2016 12:19:55 PM
> server-post-command-cleanup
> server-handle-next-server-request
> compile
Evaluating tasks: compile:compile
Running task... Cancel: sbt.server.ServerTaskCancellation@7d5e90c7, check cycles: false

Initial source changes: 
	removed:Set()
	added: Set()
	modified: Set(/Users/wenmenglan/csra-lab-mgnt-system/app/SecurityModule.java)
Removed products: Set()
External API changes: API Changes: Set()
Modified binary dependencies: Set()
Initial directly invalidated sources: Set(/Users/wenmenglan/csra-lab-mgnt-system/app/SecurityModule.java)

Sources indirectly invalidated by:
	product: Set()
	binary dep: Set()
	external source: Set()
All initially invalidated sources: Set(/Users/wenmenglan/csra-lab-mgnt-system/app/SecurityModule.java)

Read from stdout: Compiling 1 Java source to /Users/wenmenglan/csra-lab-mgnt-system/target/scala-2.11/classes...
Compiling 1 Java source to /Users/wenmenglan/csra-lab-mgnt-system/target/scala-2.11/classes...
Attempting to call com.sun.tools.javac.api.JavacTool@46b4a355 directly...
Java compilation took 0.052806981 s
Java analysis took 0.019362954 s
Java compile + analysis took 0.076327702 s
New invalidations:
	Set()
Initial set of included nodes: Set()
Previously invalidated, but (transitively) depend on new invalidations:
	Set()
All newly invalidated sources after taking into account (previously) recompiled sources:Set()
Total time: 0 s, completed Apr 5, 2016 12:20:17 PM
> server-post-command-cleanup
> server-handle-next-server-request
> {file:/Users/wenmenglan/csra-lab-mgnt-system/}root/*:playForkReload
Evaluating tasks: *:playForkReload
Running task... Cancel: sbt.server.ServerTaskCancellation@7b242d61, check cycles: false

Initial source changes: 
	removed:Set()
	added: Set()
	modified: Set()
Removed products: Set()
External API changes: API Changes: Set()
Modified binary dependencies: Set()
Initial directly invalidated sources: Set()

Sources indirectly invalidated by:
	product: Set()
	binary dep: Set()
	external source: Set()
All initially invalidated sources: Set()

Copy resource mappings: 
	(/Users/wenmenglan/csra-lab-mgnt-system/conf/application.conf,/Users/wenmenglan/csra-lab-mgnt-system/target/scala-2.11/classes/application.conf)
	(/Users/wenmenglan/csra-lab-mgnt-system/conf/logback.xml,/Users/wenmenglan/csra-lab-mgnt-system/target/scala-2.11/classes/logback.xml)
	(/Users/wenmenglan/csra-lab-mgnt-system/conf/META-INF,/Users/wenmenglan/csra-lab-mgnt-system/target/scala-2.11/classes/META-INF)
	(/Users/wenmenglan/csra-lab-mgnt-system/conf/routes,/Users/wenmenglan/csra-lab-mgnt-system/target/scala-2.11/classes/routes)
	(/Users/wenmenglan/csra-lab-mgnt-system/conf/META-INF/persistence.xml,/Users/wenmenglan/csra-lab-mgnt-system/target/scala-2.11/classes/META-INF/persistence.xml)
Total time: 0 s, completed Apr 5, 2016 12:20:19 PM
> server-post-command-cleanup
> server-handle-next-server-request
> compile
Evaluating tasks: compile:compile
Running task... Cancel: sbt.server.ServerTaskCancellation@24ed2cc7, check cycles: false

Initial source changes: 
	removed:Set()
	added: Set()
	modified: Set()
Removed products: Set()
External API changes: API Changes: Set()
Modified binary dependencies: Set()
Initial directly invalidated sources: Set()

Sources indirectly invalidated by:
	product: Set()
	binary dep: Set()
	external source: Set()
All initially invalidated sources: Set()

Total time: 0 s, completed Apr 5, 2016 12:21:40 PM
> server-post-command-cleanup
> server-handle-next-server-request
